Change log 0.2.2
- torn apart on_message
    + Shoulder Bird gets its own def
    + Commands go to their own def
    + Chat messages and DM message breifly had their own def
    + Handles Chat and DM messages differently
- handler_Commands def created
- "botCommands" section added to json config
    + botCommands{} -> GuildName{} -> CommandName{} -> CommandConfigs{}
- created handler_ChatMessage and handler_DMMessage
- deleted handler_ChatMessage and handler_DMMessage
- Questioned my sanity
- Class addtions
    + botCommands dict
    + getCommand(GuildName, CommandName) - returns dict of configs. returns False if not found
    + putCommand(GuildName, FullChatLine) 
        - sets command, does all the parsing needed (send discord.py message.content)
        - will override existing commands - allows for update/editing easier
        - e!command [commandname] < | option = option value | option2 = option2 value >
    + delCommand(GuildName, CommandName) - deletes given command

- Completely rewrote on_message def, again.  This time it's solid
    - Missing shoulder bird call



Change log 0.2.1
- Input parameter for configuration file created.
    + egg_bot.py <filename>
    + if parameter is not provided default is 'base.egg'
- More verbose console output on launch
- More egg references
- logOutput now takes a fileName arguement - future scope work
- Updates to eggConfig class
    + addGuild created
- on_chat_message upgrades
    + Separate handlers for DM chats
- Tweaked many str(message.guild) to just message.guild.name since that makes more sense
- sendChatMessage now only sends messages to chat rooms
- sendDMMessage created to handle all DM traffic
- Config file refactor
    + using JSON now to store configs
    + implimented configs: Guild Configs, Shoulder Bird
    + planned configs: Sass Back, Custom !commands, OptOut List
- Class changes
    + addGuild removed (didn't last long)
    + Refactor to use JSON
    + addConfig parameter change
- Code Changes:
    + instances of .addGuild changed to .addConfig

Change log 0.1.3
- renamed class eggINI to eggConfig
    - renamed dict iniFile to configFile
- removed def loadFile() from code
- Updates to eggCongif class
    + loadConfig, saveConfig, listConfig, listActiveFile, listConfigFiles : created
    + Smarter return values for error handling
- Bot now attempts to load 'base.egg' and fails if not found
- Known bug - Bots don't like greeting other bots (sending DMs)
- Known bug - setting an image file for greetings and not having the image causes an ungraceful exception

Change log 0.1.2
- Added support for Keyword to config file
    + [MENTION] - @ tag of user display name
- Added config line "allowedChatRooms"
- Bot will only listen and response in "allowedChatRooms" on server
- Added config line "autowelcomeChannel"
- Bot will only post guild level welcome announcements to "autowelcomeChannel"
- 'eggbot', 'greetme', 'disconnect' are now Owner Only commands
- Added more verbose command logging
- Added to eggINI Class
    + isAllowedChat
- ShoulderBird moved to its own routine (also now called ShoulderBird)
- Removed FindNay (replaced with Shoulderbird)
- Hard coded use for ShoulderBird (Future INI planned)
- on_message now conditions according to the channel type (Chat/DM/Group)

Change log 0.1.1
- Logging for connection added 
- Logging for disconnect added
- Removed event for status changes
- On Join event added
- Output standard for egg.log created
- Logging for commands
- Logging for new joins
- Added Support for keys to config file
    + @, names the guild following keys are applied to
    + &, configuation settings
- Added support for Keywords to config file
    + [USERNAME] - user's displayname (nickname if set)
    + [GUILDNAME] - Guild name
- Nay finder added *specifically requested feature
- Logging for commands actually added
- Baked commands now only answer to OWNER
- env control for bot's owner added
- !greetme command to get the bot greetings without leaving/joining
- eggINI class
    + addConfig, getConfig, hasGuild, hasMemeber, getMemeber, addmember